<?xml version="1.0" encoding="UTF-8"?>
<!-- Generated by org.testng.reporters.JUnitReportReporter -->
<testsuite skipped="0" hostname="SagarR-PC" name="guru_tests.SortMobile" tests="1" failures="0" timestamp="21 Jul 2017 12:59:31 GMT" time="10.844" errors="0">
  <testcase name="login" time="10.844" classname="guru_tests.SortMobile"/>
</testsuite> <!-- guru_tests.SortMobile -->
