<?xml version="1.0" encoding="UTF-8"?>
<!-- Generated by org.testng.reporters.JUnitReportReporter -->
<testsuite skipped="0" hostname="SagarR-PC" name="tests.registerTest" tests="1" failures="0" timestamp="21 Jul 2017 11:04:17 GMT" time="4.441" errors="0">
  <testcase name="register" time="4.441" classname="tests.registerTest"/>
</testsuite> <!-- tests.registerTest -->
