<?xml version="1.0" encoding="UTF-8"?>
<!-- Generated by org.testng.reporters.JUnitReportReporter -->
<testsuite skipped="0" hostname="SagarR-PC" name="tests.loginTest" tests="1" failures="0" timestamp="21 Jul 2017 11:04:17 GMT" time="10.417" errors="0">
  <testcase name="login" time="10.417" classname="tests.loginTest"/>
</testsuite> <!-- tests.loginTest -->
