<?xml version="1.0" encoding="UTF-8"?>
<!-- Generated by org.testng.reporters.JUnitReportReporter -->
<testsuite skipped="0" hostname="SagarR-PC" name="guru_tests.VerifyProductCost" tests="1" failures="0" timestamp="21 Jul 2017 12:59:31 GMT" time="4.038" errors="0">
  <testcase name="login" time="4.038" classname="guru_tests.VerifyProductCost"/>
</testsuite> <!-- guru_tests.VerifyProductCost -->
