<?xml version="1.0" encoding="UTF-8"?>
<!-- Generated by org.testng.reporters.JUnitReportReporter -->
<testsuite skipped="0" hostname="SagarR-PC" name="guru_tests.VerifyProductCost" tests="1" failures="0" timestamp="25 Jul 2017 09:21:54 GMT" time="4.261" errors="0">
  <testcase name="login" time="4.261" classname="guru_tests.VerifyProductCost"/>
</testsuite> <!-- guru_tests.VerifyProductCost -->
