<?xml version="1.0" encoding="UTF-8"?>
<!-- Generated by org.testng.reporters.JUnitReportReporter -->
<testsuite skipped="0" hostname="SagarR-PC" name="example.NewTest" tests="1" failures="0" timestamp="20 Jul 2017 07:30:52 GMT" time="13.059" errors="0">
  <testcase name="testEasy" time="13.059" classname="example.NewTest"/>
</testsuite> <!-- example.NewTest -->
