<?xml version="1.0" encoding="UTF-8"?>
<!-- Generated by org.testng.reporters.JUnitReportReporter -->
<testsuite skipped="0" hostname="SagarR-PC" name="guru_tests.SortMobile" tests="1" failures="0" timestamp="25 Jul 2017 09:21:54 GMT" time="16.225" errors="0">
  <testcase name="login" time="16.225" classname="guru_tests.SortMobile"/>
</testsuite> <!-- guru_tests.SortMobile -->
