<?xml version="1.0" encoding="UTF-8"?>
<!-- Generated by org.testng.reporters.JUnitReportReporter -->
<testsuite hostname="SagarR-PC" name="tests.registerTest" tests="1" failures="0" timestamp="21 Jul 2017 09:40:58 GMT" time="2.475" errors="0">
  <testcase name="register" time="2.475" classname="tests.registerTest"/>
</testsuite> <!-- tests.registerTest -->
