<?xml version="1.0" encoding="UTF-8"?>
<!-- Generated by org.testng.reporters.JUnitReportReporter -->
<testsuite hostname="SagarR-PC" name="tests.loginTest" tests="1" failures="0" timestamp="21 Jul 2017 09:40:58 GMT" time="8.526" errors="0">
  <testcase name="login" time="8.526" classname="tests.loginTest"/>
</testsuite> <!-- tests.loginTest -->
